[debug] [2020-01-20T14:04:57.138Z] ----------------------------------------------------------------------
[debug] [2020-01-20T14:04:57.140Z] Command:       /usr/local/bin/node /usr/local/bin/firebase serve
[debug] [2020-01-20T14:04:57.140Z] CLI Version:   7.12.1
[debug] [2020-01-20T14:04:57.140Z] Platform:      darwin
[debug] [2020-01-20T14:04:57.140Z] Node Version:  v12.14.1
[debug] [2020-01-20T14:04:57.141Z] Time:          Mon Jan 20 2020 11:04:57 GMT-0300 (GMT-03:00)
[debug] [2020-01-20T14:04:57.141Z] ----------------------------------------------------------------------
[debug] [2020-01-20T14:04:57.141Z] 
[debug] [2020-01-20T14:04:57.151Z] > command requires scopes: ["email","openid","https://www.googleapis.com/auth/cloudplatformprojects.readonly","https://www.googleapis.com/auth/firebase","https://www.googleapis.com/auth/cloud-platform"]
[debug] [2020-01-20T14:04:57.151Z] > authorizing via signed-in user
[debug] [2020-01-20T14:04:57.151Z] [iam] checking project tipstech-c6fe7 for permissions ["firebase.projects.get"]
[debug] [2020-01-20T14:04:57.153Z] > refreshing access token with scopes: ["email","https://www.googleapis.com/auth/cloud-platform","https://www.googleapis.com/auth/cloudplatformprojects.readonly","https://www.googleapis.com/auth/firebase","openid"]
[debug] [2020-01-20T14:04:57.153Z] >>> HTTP REQUEST POST https://www.googleapis.com/oauth2/v3/token  
 <request body omitted>
[debug] [2020-01-20T14:04:57.307Z] <<< HTTP RESPONSE 200
[debug] [2020-01-20T14:04:57.314Z] >>> HTTP REQUEST POST https://cloudresourcemanager.googleapis.com/v1/projects/tipstech-c6fe7:testIamPermissions  

[debug] [2020-01-20T14:04:58.360Z] <<< HTTP RESPONSE 200
[debug] [2020-01-20T14:04:58.361Z] >>> HTTP REQUEST GET https://firebase.googleapis.com/v1beta1/projects/tipstech-c6fe7  
 
[debug] [2020-01-20T14:04:59.560Z] <<< HTTP RESPONSE 200
[info] 
[info] === Serving from '/Users/corinacelestevaraspestano/Desktop/TipsTech/SCL012-Social-Network'...
[info] 
[debug] [2020-01-20T14:04:59.563Z] >>> HTTP REQUEST GET https://firebase.googleapis.com/v1beta1/projects/tipstech-c6fe7/webApps/-/config  
 
[debug] [2020-01-20T14:05:00.922Z] <<< HTTP RESPONSE 200
[warn] ⚠  hosting: Port 5000 is not available. Trying another port...
[warn] ⚠  hosting: Port 5000 is not available. Trying another port...
[warn] ⚠  hosting: Port 5000 is not available. Trying another port...
[warn] ⚠  hosting: Port 5000 is not available. Trying another port...
[warn] ⚠  hosting: Port 5000 is not available. Trying another port...
[warn] ⚠  hosting: Port 5000 is not available. Trying another port...
[info] i  hosting: Serving hosting files from: src
[info] ✔  hosting: Local server: http://localhost:5030
[debug] [2020-01-20T15:28:08.281Z] ----------------------------------------------------------------------
[debug] [2020-01-20T15:28:08.335Z] Command:       C:\Program Files\nodejs\node.exe C:\Users\Cristian\AppData\Roaming\npm\node_modules\firebase-tools\lib\bin\firebase.js serve
[debug] [2020-01-20T15:28:08.336Z] CLI Version:   7.12.1
[debug] [2020-01-20T15:28:08.337Z] Platform:      win32
[debug] [2020-01-20T15:28:08.337Z] Node Version:  v10.16.3
[debug] [2020-01-20T15:28:08.342Z] Time:          Mon Jan 20 2020 12:28:08 GMT-0300 (GMT-03:00)
[debug] [2020-01-20T15:28:08.342Z] ----------------------------------------------------------------------
[debug] [2020-01-20T15:28:08.342Z] 
[debug] [2020-01-20T15:28:08.410Z] > command requires scopes: ["email","openid","https://www.googleapis.com/auth/cloudplatformprojects.readonly","https://www.googleapis.com/auth/firebase","https://www.googleapis.com/auth/cloud-platform"]
[debug] [2020-01-20T15:28:08.419Z] > authorizing via signed-in user
[debug] [2020-01-20T15:28:08.420Z] [iam] checking project tipstech-c6fe7 for permissions ["firebase.projects.get"]
[debug] [2020-01-20T15:28:08.431Z] >>> HTTP REQUEST POST https://cloudresourcemanager.googleapis.com/v1/projects/tipstech-c6fe7:testIamPermissions  

[debug] [2020-01-20T15:28:09.723Z] <<< HTTP RESPONSE 200
[debug] [2020-01-20T15:28:09.728Z] >>> HTTP REQUEST GET https://firebase.googleapis.com/v1beta1/projects/tipstech-c6fe7  
 
[debug] [2020-01-20T15:28:10.103Z] <<< HTTP RESPONSE 200
[info] 
[info] === Serving from 'C:\Users\Cristian\Desktop\redSocial\SCL012-Social-Network'...
[info] 
[debug] [2020-01-20T15:28:10.140Z] >>> HTTP REQUEST GET https://firebase.googleapis.com/v1beta1/projects/tipstech-c6fe7/webApps/-/config  
 
[debug] [2020-01-20T15:28:11.414Z] <<< HTTP RESPONSE 200
[info] i  hosting: Serving hosting files from: src
[info] +  hosting: Local server: http://localhost:5000
[debug] [2020-01-21T15:43:44.744Z] ----------------------------------------------------------------------
[debug] [2020-01-21T15:43:44.748Z] Command:       /usr/local/bin/node /usr/local/bin/firebase serve
[debug] [2020-01-21T15:43:44.748Z] CLI Version:   7.12.1
[debug] [2020-01-21T15:43:44.748Z] Platform:      darwin
[debug] [2020-01-21T15:43:44.748Z] Node Version:  v12.14.1
[debug] [2020-01-21T15:43:44.749Z] Time:          Tue Jan 21 2020 12:43:44 GMT-0300 (GMT-03:00)
[debug] [2020-01-21T15:43:44.749Z] ----------------------------------------------------------------------
[debug] [2020-01-21T15:43:44.749Z] 
[debug] [2020-01-21T15:43:44.759Z] > command requires scopes: ["email","openid","https://www.googleapis.com/auth/cloudplatformprojects.readonly","https://www.googleapis.com/auth/firebase","https://www.googleapis.com/auth/cloud-platform"]
[debug] [2020-01-21T15:43:44.759Z] > authorizing via signed-in user
[debug] [2020-01-21T15:43:44.760Z] [iam] checking project tipstech-c6fe7 for permissions ["firebase.projects.get"]
[debug] [2020-01-21T15:43:44.763Z] >>> HTTP REQUEST POST https://cloudresourcemanager.googleapis.com/v1/projects/tipstech-c6fe7:testIamPermissions  

[debug] [2020-01-21T15:43:45.911Z] <<< HTTP RESPONSE 200
[debug] [2020-01-21T15:43:45.913Z] >>> HTTP REQUEST GET https://firebase.googleapis.com/v1beta1/projects/tipstech-c6fe7  
 
[debug] [2020-01-21T15:43:47.238Z] <<< HTTP RESPONSE 200
[info] 
[info] === Serving from '/Users/corinacelestevaraspestano/Desktop/TipsTech/SCL012-Social-Network'...
[info] 
[debug] [2020-01-21T15:43:47.242Z] >>> HTTP REQUEST GET https://firebase.googleapis.com/v1beta1/projects/tipstech-c6fe7/webApps/-/config  
 
[debug] [2020-01-21T15:43:48.569Z] <<< HTTP RESPONSE 200
[warn] ⚠  hosting: Port 5000 is not available. Trying another port...
[warn] ⚠  hosting: Port 5000 is not available. Trying another port...
[warn] ⚠  hosting: Port 5000 is not available. Trying another port...
[info] i  hosting: Serving hosting files from: src
[info] ✔  hosting: Local server: http://localhost:5015
